<?xml version="1.0" encoding="UTF-8"?>
<testsuite xmlns:xsi="http://www.w3.org/2001/XMLSchema-instance" xsi:noNamespaceSchemaLocation="https://maven.apache.org/surefire/maven-surefire-plugin/xsd/surefire-test-report.xsd" name="com.conichi.technicaltest.TechnicalTestApplicationTests" time="32.876" tests="32" errors="0" skipped="0" failures="0">
  <properties>
    <property name="gopherProxySet" value="false"/>
    <property name="awt.toolkit" value="sun.lwawt.macosx.LWCToolkit"/>
    <property name="java.specification.version" value="11"/>
    <property name="sun.cpu.isalist" value=""/>
    <property name="sun.jnu.encoding" value="UTF-8"/>
    <property name="java.class.path" value="/Users/ufukchavushoglu/Desktop/technical-test/target/test-classes:/Users/ufukchavushoglu/Desktop/technical-test/target/classes:/Users/ufukchavushoglu/.m2/repository/org/springframework/boot/spring-boot-starter-data-jdbc/2.1.5.RELEASE/spring-boot-starter-data-jdbc-2.1.5.RELEASE.jar:/Users/ufukchavushoglu/.m2/repository/org/springframework/data/spring-data-jdbc/1.0.8.RELEASE/spring-data-jdbc-1.0.8.RELEASE.jar:/Users/ufukchavushoglu/.m2/repository/org/springframework/data/spring-data-commons/2.1.8.RELEASE/spring-data-commons-2.1.8.RELEASE.jar:/Users/ufukchavushoglu/.m2/repository/org/springframework/boot/spring-boot-starter-data-jpa/2.1.5.RELEASE/spring-boot-starter-data-jpa-2.1.5.RELEASE.jar:/Users/ufukchavushoglu/.m2/repository/org/springframework/boot/spring-boot-starter-aop/2.1.5.RELEASE/spring-boot-starter-aop-2.1.5.RELEASE.jar:/Users/ufukchavushoglu/.m2/repository/org/aspectj/aspectjweaver/1.9.4/aspectjweaver-1.9.4.jar:/Users/ufukchavushoglu/.m2/repository/javax/transaction/javax.transaction-api/1.3/javax.transaction-api-1.3.jar:/Users/ufukchavushoglu/.m2/repository/javax/xml/bind/jaxb-api/2.3.1/jaxb-api-2.3.1.jar:/Users/ufukchavushoglu/.m2/repository/org/springframework/data/spring-data-jpa/2.1.8.RELEASE/spring-data-jpa-2.1.8.RELEASE.jar:/Users/ufukchavushoglu/.m2/repository/org/springframework/spring-aspects/5.1.7.RELEASE/spring-aspects-5.1.7.RELEASE.jar:/Users/ufukchavushoglu/.m2/repository/org/springframework/boot/spring-boot-starter-data-rest/2.1.5.RELEASE/spring-boot-starter-data-rest-2.1.5.RELEASE.jar:/Users/ufukchavushoglu/.m2/repository/org/springframework/data/spring-data-rest-webmvc/3.1.8.RELEASE/spring-data-rest-webmvc-3.1.8.RELEASE.jar:/Users/ufukchavushoglu/.m2/repository/org/springframework/data/spring-data-rest-core/3.1.8.RELEASE/spring-data-rest-core-3.1.8.RELEASE.jar:/Users/ufukchavushoglu/.m2/repository/org/springframework/hateoas/spring-hateoas/0.25.1.RELEASE/spring-hateoas-0.25.1.RELEASE.jar:/Users/ufukchavushoglu/.m2/repository/org/atteo/evo-inflector/1.2.2/evo-inflector-1.2.2.jar:/Users/ufukchavushoglu/.m2/repository/com/fasterxml/jackson/core/jackson-databind/2.9.8/jackson-databind-2.9.8.jar:/Users/ufukchavushoglu/.m2/repository/com/fasterxml/jackson/core/jackson-core/2.9.8/jackson-core-2.9.8.jar:/Users/ufukchavushoglu/.m2/repository/com/fasterxml/jackson/core/jackson-annotations/2.9.0/jackson-annotations-2.9.0.jar:/Users/ufukchavushoglu/.m2/repository/org/springframework/boot/spring-boot-starter-jdbc/2.1.5.RELEASE/spring-boot-starter-jdbc-2.1.5.RELEASE.jar:/Users/ufukchavushoglu/.m2/repository/org/springframework/boot/spring-boot-starter/2.1.5.RELEASE/spring-boot-starter-2.1.5.RELEASE.jar:/Users/ufukchavushoglu/.m2/repository/org/springframework/boot/spring-boot-starter-logging/2.1.5.RELEASE/spring-boot-starter-logging-2.1.5.RELEASE.jar:/Users/ufukchavushoglu/.m2/repository/ch/qos/logback/logback-classic/1.2.3/logback-classic-1.2.3.jar:/Users/ufukchavushoglu/.m2/repository/ch/qos/logback/logback-core/1.2.3/logback-core-1.2.3.jar:/Users/ufukchavushoglu/.m2/repository/org/apache/logging/log4j/log4j-to-slf4j/2.11.2/log4j-to-slf4j-2.11.2.jar:/Users/ufukchavushoglu/.m2/repository/org/apache/logging/log4j/log4j-api/2.11.2/log4j-api-2.11.2.jar:/Users/ufukchavushoglu/.m2/repository/org/slf4j/jul-to-slf4j/1.7.26/jul-to-slf4j-1.7.26.jar:/Users/ufukchavushoglu/.m2/repository/javax/annotation/javax.annotation-api/1.3.2/javax.annotation-api-1.3.2.jar:/Users/ufukchavushoglu/.m2/repository/org/yaml/snakeyaml/1.23/snakeyaml-1.23.jar:/Users/ufukchavushoglu/.m2/repository/com/zaxxer/HikariCP/3.2.0/HikariCP-3.2.0.jar:/Users/ufukchavushoglu/.m2/repository/org/springframework/spring-jdbc/5.1.7.RELEASE/spring-jdbc-5.1.7.RELEASE.jar:/Users/ufukchavushoglu/.m2/repository/org/springframework/boot/spring-boot-starter-web/2.1.5.RELEASE/spring-boot-starter-web-2.1.5.RELEASE.jar:/Users/ufukchavushoglu/.m2/repository/org/springframework/boot/spring-boot-starter-json/2.1.5.RELEASE/spring-boot-starter-json-2.1.5.RELEASE.jar:/Users/ufukchavushoglu/.m2/repository/com/fasterxml/jackson/datatype/jackson-datatype-jdk8/2.9.8/jackson-datatype-jdk8-2.9.8.jar:/Users/ufukchavushoglu/.m2/repository/com/fasterxml/jackson/datatype/jackson-datatype-jsr310/2.9.8/jackson-datatype-jsr310-2.9.8.jar:/Users/ufukchavushoglu/.m2/repository/com/fasterxml/jackson/module/jackson-module-parameter-names/2.9.8/jackson-module-parameter-names-2.9.8.jar:/Users/ufukchavushoglu/.m2/repository/org/springframework/boot/spring-boot-starter-tomcat/2.1.5.RELEASE/spring-boot-starter-tomcat-2.1.5.RELEASE.jar:/Users/ufukchavushoglu/.m2/repository/org/apache/tomcat/embed/tomcat-embed-core/9.0.19/tomcat-embed-core-9.0.19.jar:/Users/ufukchavushoglu/.m2/repository/org/apache/tomcat/embed/tomcat-embed-el/9.0.19/tomcat-embed-el-9.0.19.jar:/Users/ufukchavushoglu/.m2/repository/org/apache/tomcat/embed/tomcat-embed-websocket/9.0.19/tomcat-embed-websocket-9.0.19.jar:/Users/ufukchavushoglu/.m2/repository/org/hibernate/validator/hibernate-validator/6.0.16.Final/hibernate-validator-6.0.16.Final.jar:/Users/ufukchavushoglu/.m2/repository/javax/validation/validation-api/2.0.1.Final/validation-api-2.0.1.Final.jar:/Users/ufukchavushoglu/.m2/repository/org/springframework/spring-web/5.1.7.RELEASE/spring-web-5.1.7.RELEASE.jar:/Users/ufukchavushoglu/.m2/repository/org/springframework/spring-webmvc/5.1.7.RELEASE/spring-webmvc-5.1.7.RELEASE.jar:/Users/ufukchavushoglu/.m2/repository/org/springframework/spring-expression/5.1.7.RELEASE/spring-expression-5.1.7.RELEASE.jar:/Users/ufukchavushoglu/.m2/repository/io/springfox/springfox-swagger2/2.9.2/springfox-swagger2-2.9.2.jar:/Users/ufukchavushoglu/.m2/repository/io/swagger/swagger-annotations/1.5.20/swagger-annotations-1.5.20.jar:/Users/ufukchavushoglu/.m2/repository/io/swagger/swagger-models/1.5.20/swagger-models-1.5.20.jar:/Users/ufukchavushoglu/.m2/repository/io/springfox/springfox-spi/2.9.2/springfox-spi-2.9.2.jar:/Users/ufukchavushoglu/.m2/repository/io/springfox/springfox-core/2.9.2/springfox-core-2.9.2.jar:/Users/ufukchavushoglu/.m2/repository/io/springfox/springfox-schema/2.9.2/springfox-schema-2.9.2.jar:/Users/ufukchavushoglu/.m2/repository/io/springfox/springfox-swagger-common/2.9.2/springfox-swagger-common-2.9.2.jar:/Users/ufukchavushoglu/.m2/repository/io/springfox/springfox-spring-web/2.9.2/springfox-spring-web-2.9.2.jar:/Users/ufukchavushoglu/.m2/repository/com/google/guava/guava/20.0/guava-20.0.jar:/Users/ufukchavushoglu/.m2/repository/com/fasterxml/classmate/1.4.0/classmate-1.4.0.jar:/Users/ufukchavushoglu/.m2/repository/org/slf4j/slf4j-api/1.7.26/slf4j-api-1.7.26.jar:/Users/ufukchavushoglu/.m2/repository/org/springframework/plugin/spring-plugin-metadata/1.2.0.RELEASE/spring-plugin-metadata-1.2.0.RELEASE.jar:/Users/ufukchavushoglu/.m2/repository/org/mapstruct/mapstruct/1.2.0.Final/mapstruct-1.2.0.Final.jar:/Users/ufukchavushoglu/.m2/repository/io/springfox/springfox-swagger-ui/2.9.2/springfox-swagger-ui-2.9.2.jar:/Users/ufukchavushoglu/.m2/repository/io/springfox/springfox-bean-validators/2.9.2/springfox-bean-validators-2.9.2.jar:/Users/ufukchavushoglu/.m2/repository/org/springframework/plugin/spring-plugin-core/1.2.0.RELEASE/spring-plugin-core-1.2.0.RELEASE.jar:/Users/ufukchavushoglu/.m2/repository/org/springframework/spring-beans/5.1.7.RELEASE/spring-beans-5.1.7.RELEASE.jar:/Users/ufukchavushoglu/.m2/repository/org/springframework/spring-context/5.1.7.RELEASE/spring-context-5.1.7.RELEASE.jar:/Users/ufukchavushoglu/.m2/repository/org/springframework/spring-aop/5.1.7.RELEASE/spring-aop-5.1.7.RELEASE.jar:/Users/ufukchavushoglu/.m2/repository/org/springframework/boot/spring-boot-devtools/2.1.5.RELEASE/spring-boot-devtools-2.1.5.RELEASE.jar:/Users/ufukchavushoglu/.m2/repository/org/springframework/boot/spring-boot/2.1.5.RELEASE/spring-boot-2.1.5.RELEASE.jar:/Users/ufukchavushoglu/.m2/repository/org/springframework/boot/spring-boot-autoconfigure/2.1.5.RELEASE/spring-boot-autoconfigure-2.1.5.RELEASE.jar:/Users/ufukchavushoglu/.m2/repository/com/h2database/h2/1.4.194/h2-1.4.194.jar:/Users/ufukchavushoglu/.m2/repository/io/reactivex/rxjava2/rxjava/2.2.14/rxjava-2.2.14.jar:/Users/ufukchavushoglu/.m2/repository/org/reactivestreams/reactive-streams/1.0.2/reactive-streams-1.0.2.jar:/Users/ufukchavushoglu/.m2/repository/org/springframework/boot/spring-boot-configuration-processor/2.1.5.RELEASE/spring-boot-configuration-processor-2.1.5.RELEASE.jar:/Users/ufukchavushoglu/.m2/repository/com/github/Cloudmersive/Cloudmersive.APIClient.Java/v2.69/Cloudmersive.APIClient.Java-v2.69.jar:/Users/ufukchavushoglu/.m2/repository/org/threeten/threetenbp/1.3.5/threetenbp-1.3.5.jar:/Users/ufukchavushoglu/.m2/repository/com/squareup/okhttp/okhttp/2.7.5/okhttp-2.7.5.jar:/Users/ufukchavushoglu/.m2/repository/com/squareup/okio/okio/1.6.0/okio-1.6.0.jar:/Users/ufukchavushoglu/.m2/repository/com/google/code/gson/gson/2.8.5/gson-2.8.5.jar:/Users/ufukchavushoglu/.m2/repository/io/gsonfire/gson-fire/1.8.0/gson-fire-1.8.0.jar:/Users/ufukchavushoglu/.m2/repository/com/squareup/okhttp/logging-interceptor/2.7.5/logging-interceptor-2.7.5.jar:/Users/ufukchavushoglu/.m2/repository/org/hibernate/hibernate-core/5.4.2.Final/hibernate-core-5.4.2.Final.jar:/Users/ufukchavushoglu/.m2/repository/org/jboss/logging/jboss-logging/3.3.2.Final/jboss-logging-3.3.2.Final.jar:/Users/ufukchavushoglu/.m2/repository/javax/persistence/javax.persistence-api/2.2/javax.persistence-api-2.2.jar:/Users/ufukchavushoglu/.m2/repository/org/javassist/javassist/3.24.0-GA/javassist-3.24.0-GA.jar:/Users/ufukchavushoglu/.m2/repository/net/bytebuddy/byte-buddy/1.9.12/byte-buddy-1.9.12.jar:/Users/ufukchavushoglu/.m2/repository/antlr/antlr/2.7.7/antlr-2.7.7.jar:/Users/ufukchavushoglu/.m2/repository/org/jboss/spec/javax/transaction/jboss-transaction-api_1.2_spec/1.1.1.Final/jboss-transaction-api_1.2_spec-1.1.1.Final.jar:/Users/ufukchavushoglu/.m2/repository/org/jboss/jandex/2.0.5.Final/jandex-2.0.5.Final.jar:/Users/ufukchavushoglu/.m2/repository/javax/activation/javax.activation-api/1.2.0/javax.activation-api-1.2.0.jar:/Users/ufukchavushoglu/.m2/repository/org/dom4j/dom4j/2.1.1/dom4j-2.1.1.jar:/Users/ufukchavushoglu/.m2/repository/org/hibernate/common/hibernate-commons-annotations/5.1.0.Final/hibernate-commons-annotations-5.1.0.Final.jar:/Users/ufukchavushoglu/.m2/repository/org/glassfish/jaxb/jaxb-runtime/2.3.1/jaxb-runtime-2.3.1.jar:/Users/ufukchavushoglu/.m2/repository/org/glassfish/jaxb/txw2/2.3.1/txw2-2.3.1.jar:/Users/ufukchavushoglu/.m2/repository/com/sun/istack/istack-commons-runtime/3.0.7/istack-commons-runtime-3.0.7.jar:/Users/ufukchavushoglu/.m2/repository/org/jvnet/staxex/stax-ex/1.8/stax-ex-1.8.jar:/Users/ufukchavushoglu/.m2/repository/com/sun/xml/fastinfoset/FastInfoset/1.2.15/FastInfoset-1.2.15.jar:/Users/ufukchavushoglu/.m2/repository/org/springframework/spring-orm/5.1.6.RELEASE/spring-orm-5.1.6.RELEASE.jar:/Users/ufukchavushoglu/.m2/repository/org/springframework/spring-core/5.1.7.RELEASE/spring-core-5.1.7.RELEASE.jar:/Users/ufukchavushoglu/.m2/repository/org/springframework/spring-jcl/5.1.7.RELEASE/spring-jcl-5.1.7.RELEASE.jar:/Users/ufukchavushoglu/.m2/repository/org/springframework/spring-tx/5.1.7.RELEASE/spring-tx-5.1.7.RELEASE.jar:/Users/ufukchavushoglu/.m2/repository/org/springframework/boot/spring-boot-starter-test/2.1.5.RELEASE/spring-boot-starter-test-2.1.5.RELEASE.jar:/Users/ufukchavushoglu/.m2/repository/org/springframework/boot/spring-boot-test/2.1.5.RELEASE/spring-boot-test-2.1.5.RELEASE.jar:/Users/ufukchavushoglu/.m2/repository/org/springframework/boot/spring-boot-test-autoconfigure/2.1.5.RELEASE/spring-boot-test-autoconfigure-2.1.5.RELEASE.jar:/Users/ufukchavushoglu/.m2/repository/com/jayway/jsonpath/json-path/2.4.0/json-path-2.4.0.jar:/Users/ufukchavushoglu/.m2/repository/net/minidev/json-smart/2.3/json-smart-2.3.jar:/Users/ufukchavushoglu/.m2/repository/net/minidev/accessors-smart/1.2/accessors-smart-1.2.jar:/Users/ufukchavushoglu/.m2/repository/org/ow2/asm/asm/5.0.4/asm-5.0.4.jar:/Users/ufukchavushoglu/.m2/repository/junit/junit/4.12/junit-4.12.jar:/Users/ufukchavushoglu/.m2/repository/org/assertj/assertj-core/3.11.1/assertj-core-3.11.1.jar:/Users/ufukchavushoglu/.m2/repository/org/mockito/mockito-core/2.23.4/mockito-core-2.23.4.jar:/Users/ufukchavushoglu/.m2/repository/net/bytebuddy/byte-buddy-agent/1.9.12/byte-buddy-agent-1.9.12.jar:/Users/ufukchavushoglu/.m2/repository/org/objenesis/objenesis/2.6/objenesis-2.6.jar:/Users/ufukchavushoglu/.m2/repository/org/hamcrest/hamcrest-core/1.3/hamcrest-core-1.3.jar:/Users/ufukchavushoglu/.m2/repository/org/hamcrest/hamcrest-library/1.3/hamcrest-library-1.3.jar:/Users/ufukchavushoglu/.m2/repository/org/skyscreamer/jsonassert/1.5.0/jsonassert-1.5.0.jar:/Users/ufukchavushoglu/.m2/repository/com/vaadin/external/google/android-json/0.0.20131108.vaadin1/android-json-0.0.20131108.vaadin1.jar:/Users/ufukchavushoglu/.m2/repository/org/springframework/spring-test/5.1.7.RELEASE/spring-test-5.1.7.RELEASE.jar:/Users/ufukchavushoglu/.m2/repository/org/xmlunit/xmlunit-core/2.6.2/xmlunit-core-2.6.2.jar:"/>
    <property name="java.vm.vendor" value="Oracle Corporation"/>
    <property name="sun.arch.data.model" value="64"/>
    <property name="java.vendor.url" value="http://java.oracle.com/"/>
    <property name="user.timezone" value=""/>
    <property name="java.vm.specification.version" value="11"/>
    <property name="os.name" value="Mac OS X"/>
    <property name="sun.java.launcher" value="SUN_STANDARD"/>
    <property name="user.country" value="TR"/>
    <property name="sun.boot.library.path" value="/Library/Java/JavaVirtualMachines/jdk-11.0.2.jdk/Contents/Home/lib"/>
    <property name="sun.java.command" value="/Users/ufukchavushoglu/Desktop/technical-test/target/surefire/surefirebooter15913976479246213928.jar /Users/ufukchavushoglu/Desktop/technical-test/target/surefire 2019-11-03T23-19-15_082-jvmRun1 surefire17796966487217093702tmp surefire_011588891266559873627tmp"/>
    <property name="http.nonProxyHosts" value="local|*.local|169.254/16|*.169.254/16"/>
    <property name="jdk.debug" value="release"/>
    <property name="surefire.test.class.path" value="/Users/ufukchavushoglu/Desktop/technical-test/target/test-classes:/Users/ufukchavushoglu/Desktop/technical-test/target/classes:/Users/ufukchavushoglu/.m2/repository/org/springframework/boot/spring-boot-starter-data-jdbc/2.1.5.RELEASE/spring-boot-starter-data-jdbc-2.1.5.RELEASE.jar:/Users/ufukchavushoglu/.m2/repository/org/springframework/data/spring-data-jdbc/1.0.8.RELEASE/spring-data-jdbc-1.0.8.RELEASE.jar:/Users/ufukchavushoglu/.m2/repository/org/springframework/data/spring-data-commons/2.1.8.RELEASE/spring-data-commons-2.1.8.RELEASE.jar:/Users/ufukchavushoglu/.m2/repository/org/springframework/boot/spring-boot-starter-data-jpa/2.1.5.RELEASE/spring-boot-starter-data-jpa-2.1.5.RELEASE.jar:/Users/ufukchavushoglu/.m2/repository/org/springframework/boot/spring-boot-starter-aop/2.1.5.RELEASE/spring-boot-starter-aop-2.1.5.RELEASE.jar:/Users/ufukchavushoglu/.m2/repository/org/aspectj/aspectjweaver/1.9.4/aspectjweaver-1.9.4.jar:/Users/ufukchavushoglu/.m2/repository/javax/transaction/javax.transaction-api/1.3/javax.transaction-api-1.3.jar:/Users/ufukchavushoglu/.m2/repository/javax/xml/bind/jaxb-api/2.3.1/jaxb-api-2.3.1.jar:/Users/ufukchavushoglu/.m2/repository/org/springframework/data/spring-data-jpa/2.1.8.RELEASE/spring-data-jpa-2.1.8.RELEASE.jar:/Users/ufukchavushoglu/.m2/repository/org/springframework/spring-aspects/5.1.7.RELEASE/spring-aspects-5.1.7.RELEASE.jar:/Users/ufukchavushoglu/.m2/repository/org/springframework/boot/spring-boot-starter-data-rest/2.1.5.RELEASE/spring-boot-starter-data-rest-2.1.5.RELEASE.jar:/Users/ufukchavushoglu/.m2/repository/org/springframework/data/spring-data-rest-webmvc/3.1.8.RELEASE/spring-data-rest-webmvc-3.1.8.RELEASE.jar:/Users/ufukchavushoglu/.m2/repository/org/springframework/data/spring-data-rest-core/3.1.8.RELEASE/spring-data-rest-core-3.1.8.RELEASE.jar:/Users/ufukchavushoglu/.m2/repository/org/springframework/hateoas/spring-hateoas/0.25.1.RELEASE/spring-hateoas-0.25.1.RELEASE.jar:/Users/ufukchavushoglu/.m2/repository/org/atteo/evo-inflector/1.2.2/evo-inflector-1.2.2.jar:/Users/ufukchavushoglu/.m2/repository/com/fasterxml/jackson/core/jackson-databind/2.9.8/jackson-databind-2.9.8.jar:/Users/ufukchavushoglu/.m2/repository/com/fasterxml/jackson/core/jackson-core/2.9.8/jackson-core-2.9.8.jar:/Users/ufukchavushoglu/.m2/repository/com/fasterxml/jackson/core/jackson-annotations/2.9.0/jackson-annotations-2.9.0.jar:/Users/ufukchavushoglu/.m2/repository/org/springframework/boot/spring-boot-starter-jdbc/2.1.5.RELEASE/spring-boot-starter-jdbc-2.1.5.RELEASE.jar:/Users/ufukchavushoglu/.m2/repository/org/springframework/boot/spring-boot-starter/2.1.5.RELEASE/spring-boot-starter-2.1.5.RELEASE.jar:/Users/ufukchavushoglu/.m2/repository/org/springframework/boot/spring-boot-starter-logging/2.1.5.RELEASE/spring-boot-starter-logging-2.1.5.RELEASE.jar:/Users/ufukchavushoglu/.m2/repository/ch/qos/logback/logback-classic/1.2.3/logback-classic-1.2.3.jar:/Users/ufukchavushoglu/.m2/repository/ch/qos/logback/logback-core/1.2.3/logback-core-1.2.3.jar:/Users/ufukchavushoglu/.m2/repository/org/apache/logging/log4j/log4j-to-slf4j/2.11.2/log4j-to-slf4j-2.11.2.jar:/Users/ufukchavushoglu/.m2/repository/org/apache/logging/log4j/log4j-api/2.11.2/log4j-api-2.11.2.jar:/Users/ufukchavushoglu/.m2/repository/org/slf4j/jul-to-slf4j/1.7.26/jul-to-slf4j-1.7.26.jar:/Users/ufukchavushoglu/.m2/repository/javax/annotation/javax.annotation-api/1.3.2/javax.annotation-api-1.3.2.jar:/Users/ufukchavushoglu/.m2/repository/org/yaml/snakeyaml/1.23/snakeyaml-1.23.jar:/Users/ufukchavushoglu/.m2/repository/com/zaxxer/HikariCP/3.2.0/HikariCP-3.2.0.jar:/Users/ufukchavushoglu/.m2/repository/org/springframework/spring-jdbc/5.1.7.RELEASE/spring-jdbc-5.1.7.RELEASE.jar:/Users/ufukchavushoglu/.m2/repository/org/springframework/boot/spring-boot-starter-web/2.1.5.RELEASE/spring-boot-starter-web-2.1.5.RELEASE.jar:/Users/ufukchavushoglu/.m2/repository/org/springframework/boot/spring-boot-starter-json/2.1.5.RELEASE/spring-boot-starter-json-2.1.5.RELEASE.jar:/Users/ufukchavushoglu/.m2/repository/com/fasterxml/jackson/datatype/jackson-datatype-jdk8/2.9.8/jackson-datatype-jdk8-2.9.8.jar:/Users/ufukchavushoglu/.m2/repository/com/fasterxml/jackson/datatype/jackson-datatype-jsr310/2.9.8/jackson-datatype-jsr310-2.9.8.jar:/Users/ufukchavushoglu/.m2/repository/com/fasterxml/jackson/module/jackson-module-parameter-names/2.9.8/jackson-module-parameter-names-2.9.8.jar:/Users/ufukchavushoglu/.m2/repository/org/springframework/boot/spring-boot-starter-tomcat/2.1.5.RELEASE/spring-boot-starter-tomcat-2.1.5.RELEASE.jar:/Users/ufukchavushoglu/.m2/repository/org/apache/tomcat/embed/tomcat-embed-core/9.0.19/tomcat-embed-core-9.0.19.jar:/Users/ufukchavushoglu/.m2/repository/org/apache/tomcat/embed/tomcat-embed-el/9.0.19/tomcat-embed-el-9.0.19.jar:/Users/ufukchavushoglu/.m2/repository/org/apache/tomcat/embed/tomcat-embed-websocket/9.0.19/tomcat-embed-websocket-9.0.19.jar:/Users/ufukchavushoglu/.m2/repository/org/hibernate/validator/hibernate-validator/6.0.16.Final/hibernate-validator-6.0.16.Final.jar:/Users/ufukchavushoglu/.m2/repository/javax/validation/validation-api/2.0.1.Final/validation-api-2.0.1.Final.jar:/Users/ufukchavushoglu/.m2/repository/org/springframework/spring-web/5.1.7.RELEASE/spring-web-5.1.7.RELEASE.jar:/Users/ufukchavushoglu/.m2/repository/org/springframework/spring-webmvc/5.1.7.RELEASE/spring-webmvc-5.1.7.RELEASE.jar:/Users/ufukchavushoglu/.m2/repository/org/springframework/spring-expression/5.1.7.RELEASE/spring-expression-5.1.7.RELEASE.jar:/Users/ufukchavushoglu/.m2/repository/io/springfox/springfox-swagger2/2.9.2/springfox-swagger2-2.9.2.jar:/Users/ufukchavushoglu/.m2/repository/io/swagger/swagger-annotations/1.5.20/swagger-annotations-1.5.20.jar:/Users/ufukchavushoglu/.m2/repository/io/swagger/swagger-models/1.5.20/swagger-models-1.5.20.jar:/Users/ufukchavushoglu/.m2/repository/io/springfox/springfox-spi/2.9.2/springfox-spi-2.9.2.jar:/Users/ufukchavushoglu/.m2/repository/io/springfox/springfox-core/2.9.2/springfox-core-2.9.2.jar:/Users/ufukchavushoglu/.m2/repository/io/springfox/springfox-schema/2.9.2/springfox-schema-2.9.2.jar:/Users/ufukchavushoglu/.m2/repository/io/springfox/springfox-swagger-common/2.9.2/springfox-swagger-common-2.9.2.jar:/Users/ufukchavushoglu/.m2/repository/io/springfox/springfox-spring-web/2.9.2/springfox-spring-web-2.9.2.jar:/Users/ufukchavushoglu/.m2/repository/com/google/guava/guava/20.0/guava-20.0.jar:/Users/ufukchavushoglu/.m2/repository/com/fasterxml/classmate/1.4.0/classmate-1.4.0.jar:/Users/ufukchavushoglu/.m2/repository/org/slf4j/slf4j-api/1.7.26/slf4j-api-1.7.26.jar:/Users/ufukchavushoglu/.m2/repository/org/springframework/plugin/spring-plugin-metadata/1.2.0.RELEASE/spring-plugin-metadata-1.2.0.RELEASE.jar:/Users/ufukchavushoglu/.m2/repository/org/mapstruct/mapstruct/1.2.0.Final/mapstruct-1.2.0.Final.jar:/Users/ufukchavushoglu/.m2/repository/io/springfox/springfox-swagger-ui/2.9.2/springfox-swagger-ui-2.9.2.jar:/Users/ufukchavushoglu/.m2/repository/io/springfox/springfox-bean-validators/2.9.2/springfox-bean-validators-2.9.2.jar:/Users/ufukchavushoglu/.m2/repository/org/springframework/plugin/spring-plugin-core/1.2.0.RELEASE/spring-plugin-core-1.2.0.RELEASE.jar:/Users/ufukchavushoglu/.m2/repository/org/springframework/spring-beans/5.1.7.RELEASE/spring-beans-5.1.7.RELEASE.jar:/Users/ufukchavushoglu/.m2/repository/org/springframework/spring-context/5.1.7.RELEASE/spring-context-5.1.7.RELEASE.jar:/Users/ufukchavushoglu/.m2/repository/org/springframework/spring-aop/5.1.7.RELEASE/spring-aop-5.1.7.RELEASE.jar:/Users/ufukchavushoglu/.m2/repository/org/springframework/boot/spring-boot-devtools/2.1.5.RELEASE/spring-boot-devtools-2.1.5.RELEASE.jar:/Users/ufukchavushoglu/.m2/repository/org/springframework/boot/spring-boot/2.1.5.RELEASE/spring-boot-2.1.5.RELEASE.jar:/Users/ufukchavushoglu/.m2/repository/org/springframework/boot/spring-boot-autoconfigure/2.1.5.RELEASE/spring-boot-autoconfigure-2.1.5.RELEASE.jar:/Users/ufukchavushoglu/.m2/repository/com/h2database/h2/1.4.194/h2-1.4.194.jar:/Users/ufukchavushoglu/.m2/repository/io/reactivex/rxjava2/rxjava/2.2.14/rxjava-2.2.14.jar:/Users/ufukchavushoglu/.m2/repository/org/reactivestreams/reactive-streams/1.0.2/reactive-streams-1.0.2.jar:/Users/ufukchavushoglu/.m2/repository/org/springframework/boot/spring-boot-configuration-processor/2.1.5.RELEASE/spring-boot-configuration-processor-2.1.5.RELEASE.jar:/Users/ufukchavushoglu/.m2/repository/com/github/Cloudmersive/Cloudmersive.APIClient.Java/v2.69/Cloudmersive.APIClient.Java-v2.69.jar:/Users/ufukchavushoglu/.m2/repository/org/threeten/threetenbp/1.3.5/threetenbp-1.3.5.jar:/Users/ufukchavushoglu/.m2/repository/com/squareup/okhttp/okhttp/2.7.5/okhttp-2.7.5.jar:/Users/ufukchavushoglu/.m2/repository/com/squareup/okio/okio/1.6.0/okio-1.6.0.jar:/Users/ufukchavushoglu/.m2/repository/com/google/code/gson/gson/2.8.5/gson-2.8.5.jar:/Users/ufukchavushoglu/.m2/repository/io/gsonfire/gson-fire/1.8.0/gson-fire-1.8.0.jar:/Users/ufukchavushoglu/.m2/repository/com/squareup/okhttp/logging-interceptor/2.7.5/logging-interceptor-2.7.5.jar:/Users/ufukchavushoglu/.m2/repository/org/hibernate/hibernate-core/5.4.2.Final/hibernate-core-5.4.2.Final.jar:/Users/ufukchavushoglu/.m2/repository/org/jboss/logging/jboss-logging/3.3.2.Final/jboss-logging-3.3.2.Final.jar:/Users/ufukchavushoglu/.m2/repository/javax/persistence/javax.persistence-api/2.2/javax.persistence-api-2.2.jar:/Users/ufukchavushoglu/.m2/repository/org/javassist/javassist/3.24.0-GA/javassist-3.24.0-GA.jar:/Users/ufukchavushoglu/.m2/repository/net/bytebuddy/byte-buddy/1.9.12/byte-buddy-1.9.12.jar:/Users/ufukchavushoglu/.m2/repository/antlr/antlr/2.7.7/antlr-2.7.7.jar:/Users/ufukchavushoglu/.m2/repository/org/jboss/spec/javax/transaction/jboss-transaction-api_1.2_spec/1.1.1.Final/jboss-transaction-api_1.2_spec-1.1.1.Final.jar:/Users/ufukchavushoglu/.m2/repository/org/jboss/jandex/2.0.5.Final/jandex-2.0.5.Final.jar:/Users/ufukchavushoglu/.m2/repository/javax/activation/javax.activation-api/1.2.0/javax.activation-api-1.2.0.jar:/Users/ufukchavushoglu/.m2/repository/org/dom4j/dom4j/2.1.1/dom4j-2.1.1.jar:/Users/ufukchavushoglu/.m2/repository/org/hibernate/common/hibernate-commons-annotations/5.1.0.Final/hibernate-commons-annotations-5.1.0.Final.jar:/Users/ufukchavushoglu/.m2/repository/org/glassfish/jaxb/jaxb-runtime/2.3.1/jaxb-runtime-2.3.1.jar:/Users/ufukchavushoglu/.m2/repository/org/glassfish/jaxb/txw2/2.3.1/txw2-2.3.1.jar:/Users/ufukchavushoglu/.m2/repository/com/sun/istack/istack-commons-runtime/3.0.7/istack-commons-runtime-3.0.7.jar:/Users/ufukchavushoglu/.m2/repository/org/jvnet/staxex/stax-ex/1.8/stax-ex-1.8.jar:/Users/ufukchavushoglu/.m2/repository/com/sun/xml/fastinfoset/FastInfoset/1.2.15/FastInfoset-1.2.15.jar:/Users/ufukchavushoglu/.m2/repository/org/springframework/spring-orm/5.1.6.RELEASE/spring-orm-5.1.6.RELEASE.jar:/Users/ufukchavushoglu/.m2/repository/org/springframework/spring-core/5.1.7.RELEASE/spring-core-5.1.7.RELEASE.jar:/Users/ufukchavushoglu/.m2/repository/org/springframework/spring-jcl/5.1.7.RELEASE/spring-jcl-5.1.7.RELEASE.jar:/Users/ufukchavushoglu/.m2/repository/org/springframework/spring-tx/5.1.7.RELEASE/spring-tx-5.1.7.RELEASE.jar:/Users/ufukchavushoglu/.m2/repository/org/springframework/boot/spring-boot-starter-test/2.1.5.RELEASE/spring-boot-starter-test-2.1.5.RELEASE.jar:/Users/ufukchavushoglu/.m2/repository/org/springframework/boot/spring-boot-test/2.1.5.RELEASE/spring-boot-test-2.1.5.RELEASE.jar:/Users/ufukchavushoglu/.m2/repository/org/springframework/boot/spring-boot-test-autoconfigure/2.1.5.RELEASE/spring-boot-test-autoconfigure-2.1.5.RELEASE.jar:/Users/ufukchavushoglu/.m2/repository/com/jayway/jsonpath/json-path/2.4.0/json-path-2.4.0.jar:/Users/ufukchavushoglu/.m2/repository/net/minidev/json-smart/2.3/json-smart-2.3.jar:/Users/ufukchavushoglu/.m2/repository/net/minidev/accessors-smart/1.2/accessors-smart-1.2.jar:/Users/ufukchavushoglu/.m2/repository/org/ow2/asm/asm/5.0.4/asm-5.0.4.jar:/Users/ufukchavushoglu/.m2/repository/junit/junit/4.12/junit-4.12.jar:/Users/ufukchavushoglu/.m2/repository/org/assertj/assertj-core/3.11.1/assertj-core-3.11.1.jar:/Users/ufukchavushoglu/.m2/repository/org/mockito/mockito-core/2.23.4/mockito-core-2.23.4.jar:/Users/ufukchavushoglu/.m2/repository/net/bytebuddy/byte-buddy-agent/1.9.12/byte-buddy-agent-1.9.12.jar:/Users/ufukchavushoglu/.m2/repository/org/objenesis/objenesis/2.6/objenesis-2.6.jar:/Users/ufukchavushoglu/.m2/repository/org/hamcrest/hamcrest-core/1.3/hamcrest-core-1.3.jar:/Users/ufukchavushoglu/.m2/repository/org/hamcrest/hamcrest-library/1.3/hamcrest-library-1.3.jar:/Users/ufukchavushoglu/.m2/repository/org/skyscreamer/jsonassert/1.5.0/jsonassert-1.5.0.jar:/Users/ufukchavushoglu/.m2/repository/com/vaadin/external/google/android-json/0.0.20131108.vaadin1/android-json-0.0.20131108.vaadin1.jar:/Users/ufukchavushoglu/.m2/repository/org/springframework/spring-test/5.1.7.RELEASE/spring-test-5.1.7.RELEASE.jar:/Users/ufukchavushoglu/.m2/repository/org/xmlunit/xmlunit-core/2.6.2/xmlunit-core-2.6.2.jar:"/>
    <property name="sun.cpu.endian" value="little"/>
    <property name="user.home" value="/Users/ufukchavushoglu"/>
    <property name="user.language" value="en"/>
    <property name="java.specification.vendor" value="Oracle Corporation"/>
    <property name="java.version.date" value="2019-01-15"/>
    <property name="java.home" value="/Library/Java/JavaVirtualMachines/jdk-11.0.2.jdk/Contents/Home"/>
    <property name="file.separator" value="/"/>
    <property name="basedir" value="/Users/ufukchavushoglu/Desktop/technical-test"/>
    <property name="java.vm.compressedOopsMode" value="Zero based"/>
    <property name="line.separator" value="&#10;"/>
    <property name="idea.version2019.2.3" value="true"/>
    <property name="java.specification.name" value="Java Platform API Specification"/>
    <property name="java.vm.specification.vendor" value="Oracle Corporation"/>
    <property name="java.awt.graphicsenv" value="sun.awt.CGraphicsEnvironment"/>
    <property name="surefire.real.class.path" value="/Users/ufukchavushoglu/Desktop/technical-test/target/surefire/surefirebooter15913976479246213928.jar"/>
    <property name="sun.management.compiler" value="HotSpot 64-Bit Tiered Compilers"/>
    <property name="ftp.nonProxyHosts" value="local|*.local|169.254/16|*.169.254/16"/>
    <property name="java.runtime.version" value="11.0.2+9-LTS"/>
    <property name="user.name" value="ufukchavushoglu"/>
    <property name="path.separator" value=":"/>
    <property name="os.version" value="10.14.6"/>
    <property name="java.runtime.name" value="Java(TM) SE Runtime Environment"/>
    <property name="file.encoding" value="UTF-8"/>
    <property name="java.vm.name" value="Java HotSpot(TM) 64-Bit Server VM"/>
    <property name="java.vendor.version" value="18.9"/>
    <property name="localRepository" value="/Users/ufukchavushoglu/.m2/repository"/>
    <property name="java.vendor.url.bug" value="http://bugreport.java.com/bugreport/"/>
    <property name="java.io.tmpdir" value="/var/folders/49/40q2kc4514lf1k2h54g_kxxw0000gn/T/"/>
    <property name="java.version" value="11.0.2"/>
    <property name="user.dir" value="/Users/ufukchavushoglu/Desktop/technical-test"/>
    <property name="os.arch" value="x86_64"/>
    <property name="java.vm.specification.name" value="Java Virtual Machine Specification"/>
    <property name="java.awt.printerjob" value="sun.lwawt.macosx.CPrinterJob"/>
    <property name="sun.os.patch.level" value="unknown"/>
    <property name="java.library.path" value="/Users/ufukchavushoglu/Library/Java/Extensions:/Library/Java/Extensions:/Network/Library/Java/Extensions:/System/Library/Java/Extensions:/usr/lib/java:."/>
    <property name="java.vendor" value="Oracle Corporation"/>
    <property name="java.vm.info" value="mixed mode"/>
    <property name="java.vm.version" value="11.0.2+9-LTS"/>
    <property name="sun.io.unicode.encoding" value="UnicodeBig"/>
    <property name="java.class.version" value="55.0"/>
    <property name="socksNonProxyHosts" value="local|*.local|169.254/16|*.169.254/16"/>
  </properties>
  <testcase name="test10" classname="com.conichi.technicaltest.TechnicalTestApplicationTests" time="1.016"/>
  <testcase name="test11" classname="com.conichi.technicaltest.TechnicalTestApplicationTests" time="0.327"/>
  <testcase name="test12" classname="com.conichi.technicaltest.TechnicalTestApplicationTests" time="0.235"/>
  <testcase name="test13" classname="com.conichi.technicaltest.TechnicalTestApplicationTests" time="0.257"/>
  <testcase name="test14" classname="com.conichi.technicaltest.TechnicalTestApplicationTests" time="0.31"/>
  <testcase name="test15" classname="com.conichi.technicaltest.TechnicalTestApplicationTests" time="0.309"/>
  <testcase name="test16" classname="com.conichi.technicaltest.TechnicalTestApplicationTests" time="0.303"/>
  <testcase name="test17" classname="com.conichi.technicaltest.TechnicalTestApplicationTests" time="0.307"/>
  <testcase name="test18" classname="com.conichi.technicaltest.TechnicalTestApplicationTests" time="0.307"/>
  <testcase name="test19" classname="com.conichi.technicaltest.TechnicalTestApplicationTests" time="0.304"/>
  <testcase name="test20" classname="com.conichi.technicaltest.TechnicalTestApplicationTests" time="0.309"/>
  <testcase name="test21" classname="com.conichi.technicaltest.TechnicalTestApplicationTests" time="0.004"/>
  <testcase name="test22" classname="com.conichi.technicaltest.TechnicalTestApplicationTests" time="0.003"/>
  <testcase name="test23" classname="com.conichi.technicaltest.TechnicalTestApplicationTests" time="0.296"/>
  <testcase name="test24" classname="com.conichi.technicaltest.TechnicalTestApplicationTests" time="0.34"/>
  <testcase name="test25" classname="com.conichi.technicaltest.TechnicalTestApplicationTests" time="0.292"/>
  <testcase name="test26" classname="com.conichi.technicaltest.TechnicalTestApplicationTests" time="0.003"/>
  <testcase name="test27" classname="com.conichi.technicaltest.TechnicalTestApplicationTests" time="0.003"/>
  <testcase name="test28" classname="com.conichi.technicaltest.TechnicalTestApplicationTests" time="0.455"/>
  <testcase name="test29" classname="com.conichi.technicaltest.TechnicalTestApplicationTests" time="0.101"/>
  <testcase name="test30" classname="com.conichi.technicaltest.TechnicalTestApplicationTests" time="0.045"/>
  <testcase name="test31" classname="com.conichi.technicaltest.TechnicalTestApplicationTests" time="0.003"/>
  <testcase name="test1" classname="com.conichi.technicaltest.TechnicalTestApplicationTests" time="0.006"/>
  <testcase name="test2" classname="com.conichi.technicaltest.TechnicalTestApplicationTests" time="0.003"/>
  <testcase name="test3" classname="com.conichi.technicaltest.TechnicalTestApplicationTests" time="0.004"/>
  <testcase name="test4" classname="com.conichi.technicaltest.TechnicalTestApplicationTests" time="2.024"/>
  <testcase name="test5" classname="com.conichi.technicaltest.TechnicalTestApplicationTests" time="0.405"/>
  <testcase name="test6" classname="com.conichi.technicaltest.TechnicalTestApplicationTests" time="0.401"/>
  <testcase name="test7" classname="com.conichi.technicaltest.TechnicalTestApplicationTests" time="3.485"/>
  <testcase name="test8" classname="com.conichi.technicaltest.TechnicalTestApplicationTests" time="0.511"/>
  <testcase name="test9" classname="com.conichi.technicaltest.TechnicalTestApplicationTests" time="0.257"/>
  <testcase name="contextLoads" classname="com.conichi.technicaltest.TechnicalTestApplicationTests" time="0.004"/>
</testsuite>